Array
(
    [data] => Array
        (
            [application] => Array
                (
                    [tracks] => Array
                        (
                            [edges] => Array
                                (
                                    [0] => Array
                                        (
                                            [track] => Array
                                                (
                                                    [id] => fadb85af-e50f-423f-b108-ee8a759d4a6f
                                                    [licenseID] => d3cd1831-0b78-498e-b4dd-e0db18123ca8
                                                    [title] => Wide Sky
                                                    [artist] => Wide Sky
                                                    [releaseDate] => 
                                                    [duration] => 30000000000
                                                    [genres] => Array
                                                        (
                                                            [0] => Array
                                                                (
                                                                    [name] => Electronic
                                                                )

                                                            [1] => Array
                                                                (
                                                                    [name] => Ambient
                                                                )

                                                        )

                                                    [asset] => Array
                                                        (
                                                            [url] => https://playback.beta.jaak.io/asset/c3c34bd93ae5a4b52dac7fbc4c84e25ab4e8136ff573f2915fadfaabbe57aead
                                                        )

                                                )

                                        )

                                    [1] => Array
                                        (
                                            [track] => Array
                                                (
                                                    [id] => c610976e-1a10-4225-b129-97a02928d7cd
                                                    [licenseID] => 4ae2e47f-f0ed-41dd-b28e-f4b88d8ce2ce
                                                    [title] => Wide Sky (30sec)
                                                    [artist] => Wide Sky
                                                    [releaseDate] => 
                                                    [duration] => 30000000000
                                                    [genres] => Array
                                                        (
                                                            [0] => Array
                                                                (
                                                                    [name] => Electronic
                                                                )

                                                            [1] => Array
                                                                (
                                                                    [name] => Ambient
                                                                )

                                                        )

                                                    [asset] => Array
                                                        (
                                                            [url] => https://playback.beta.jaak.io/asset/d5d0a339e9f99f2fe319724ca404a48002a038e7149ca53e376512e39998e3d2
                                                        )

                                                )

                                        )

                                    [2] => Array
                                        (
                                            [track] => Array
                                                (
                                                    [id] => 74b2ecd4-964c-4662-8d83-7db16cc06a35
                                                    [licenseID] => 6daab505-4cca-4984-a81d-5360bfad1da7
                                                    [title] => Wide Sky (Sting)
                                                    [artist] => Wide Sky
                                                    [releaseDate] => 
                                                    [duration] => 9000000000
                                                    [genres] => Array
                                                        (
                                                            [0] => Array
                                                                (
                                                                    [name] => Electronic
                                                                )

                                                            [1] => Array
                                                                (
                                                                    [name] => Ambient
                                                                )

                                                        )

                                                    [asset] => Array
                                                        (
                                                            [url] => https://playback.beta.jaak.io/asset/d23d8777f14beadbcdeecf927a1b3ea9aec36792444191f9d1cad364381df235
                                                        )

                                                )

                                        )

                                    [3] => Array
                                        (
                                            [track] => Array
                                                (
                                                    [id] => 3ea43817-5e4d-43a0-a799-2908ff406ee4
                                                    [licenseID] => ef884bae-0f71-433a-9cde-659c152ff749
                                                    [title] => Burning Heat
                                                    [artist] => Wide Sky
                                                    [releaseDate] => 
                                                    [duration] => 30000000000
                                                    [genres] => Array
                                                        (
                                                            [0] => Array
                                                                (
                                                                    [name] => Orchestral
                                                                )

                                                            [1] => Array
                                                                (
                                                                    [name] => Electronic
                                                                )

                                                            [2] => Array
                                                                (
                                                                    [name] => Drum and Bass
                                                                )

                                                        )

                                                    [asset] => Array
                                                        (
                                                            [url] => https://playback.beta.jaak.io/asset/755183b1d342eaaf4c623e7f464dbf62545270159cf91bfda5d6e564a4065063
                                                        )

                                                )

                                        )

                                    [4] => Array
                                        (
                                            [track] => Array
                                                (
                                                    [id] => d4c83c42-a22c-4814-a2a9-4154df3103d9
                                                    [licenseID] => 6b0cb36a-1821-41ab-a6de-c18d6dade641
                                                    [title] => Burning Heat (30sec)
                                                    [artist] => Wide Sky
                                                    [releaseDate] => 
                                                    [duration] => 27000000000
                                                    [genres] => Array
                                                        (
                                                            [0] => Array
                                                                (
                                                                    [name] => Orchestral
                                                                )

                                                            [1] => Array
                                                                (
                                                                    [name] => Electronic
                                                                )

                                                            [2] => Array
                                                                (
                                                                    [name] => Drum and Bass
                                                                )

                                                        )

                                                    [asset] => Array
                                                        (
                                                            [url] => https://playback.beta.jaak.io/asset/ff395cd130059e77586ef29ecbbdd8436e9a787845ed50f95b5d6503d03405da
                                                        )

                                                )

                                        )

                                    [5] => Array
                                        (
                                            [track] => Array
                                                (
                                                    [id] => 1d1dd1ac-23d2-4dd0-a1fc-12ccfcfb8a11
                                                    [licenseID] => bcef2751-597c-4f8d-8f97-9f7c27868856
                                                    [title] => Burning Heat (Sting)
                                                    [artist] => Wide Sky
                                                    [releaseDate] => 
                                                    [duration] => 10000000000
                                                    [genres] => Array
                                                        (
                                                            [0] => Array
                                                                (
                                                                    [name] => Orchestral
                                                                )

                                                            [1] => Array
                                                                (
                                                                    [name] => Electronic
                                                                )

                                                            [2] => Array
                                                                (
                                                                    [name] => Drum and Bass
                                                                )

                                                        )

                                                    [asset] => Array
                                                        (
                                                            [url] => https://playback.beta.jaak.io/asset/d8d6172de4dede473c711d0e8b503cf449f859e6123c895e5bd36884db27bb5a
                                                        )

                                                )

                                        )

                                    [6] => Array
                                        (
                                            [track] => Array
                                                (
                                                    [id] => 4341e69f-a6a4-4e8c-bade-ba4463a06228
                                                    [licenseID] => 975ff6b6-ac98-4292-bdaf-985909833d3e
                                                    [title] => Collapse
                                                    [artist] => Wide Sky
                                                    [releaseDate] => 
                                                    [duration] => 30000000000
                                                    [genres] => Array
                                                        (
                                                            [0] => Array
                                                                (
                                                                    [name] => Electronic
                                                                )

                                                            [1] => Array
                                                                (
                                                                    [name] => Ambient
                                                                )

                                                        )

                                                    [asset] => Array
                                                        (
                                                            [url] => https://playback.beta.jaak.io/asset/7e865a7f9e99cdb2d5d5b0b62e441ecdb52c8ddef02df86d95a41f6b2c0d21f8
                                                        )

                                                )

                                        )

                                    [7] => Array
                                        (
                                            [track] => Array
                                                (
                                                    [id] => f893dc10-7b01-4fb0-bddc-0a3e444027e3
                                                    [licenseID] => aee0f8dc-9632-43f3-b313-409e0bef02b5
                                                    [title] => Collapse (30sec)
                                                    [artist] => Wide Sky
                                                    [releaseDate] => 
                                                    [duration] => 30000000000
                                                    [genres] => Array
                                                        (
                                                            [0] => Array
                                                                (
                                                                    [name] => Electronic
                                                                )

                                                            [1] => Array
                                                                (
                                                                    [name] => Ambient
                                                                )

                                                        )

                                                    [asset] => Array
                                                        (
                                                            [url] => https://playback.beta.jaak.io/asset/328caf48060c5ef0aaa8ce57b9fd6e97cd67c49ea2efcb5d1d7904cbfe3cdb43
                                                        )

                                                )

                                        )

                                    [8] => Array
                                        (
                                            [track] => Array
                                                (
                                                    [id] => 2c0c50f7-6558-43cc-829c-be0248a7f851
                                                    [licenseID] => 24c29898-e8ae-416b-9227-ddad1c87b0de
                                                    [title] => Collapse (Sting)
                                                    [artist] => Wide Sky
                                                    [releaseDate] => 
                                                    [duration] => 10000000000
                                                    [genres] => Array
                                                        (
                                                            [0] => Array
                                                                (
                                                                    [name] => Electronic
                                                                )

                                                            [1] => Array
                                                                (
                                                                    [name] => Ambient
                                                                )

                                                        )

                                                    [asset] => Array
                                                        (
                                                            [url] => https://playback.beta.jaak.io/asset/ab973d94b1a3d287fc05d7b8d96d610bda58a5b211486ed17bd52d63591dc25d
                                                        )

                                                )

                                        )

                                    [9] => Array
                                        (
                                            [track] => Array
                                                (
                                                    [id] => b48e13eb-b504-4123-aa9e-5a0795d806c0
                                                    [licenseID] => fe5f2125-7b70-4b22-a763-06da4203eea1
                                                    [title] => Erebus (Sting)
                                                    [artist] => Wide Sky
                                                    [releaseDate] => 
                                                    [duration] => 9000000000
                                                    [genres] => Array
                                                        (
                                                            [0] => Array
                                                                (
                                                                    [name] => Electronic
                                                                )

                                                            [1] => Array
                                                                (
                                                                    [name] => Ambient
                                                                )

                                                        )

                                                    [asset] => Array
                                                        (
                                                            [url] => https://playback.beta.jaak.io/asset/a4c6a2027663866d312cb6f47dc05d915755b60ee987d75caad9bdc10254cf19
                                                        )

                                                )

                                        )

                                    [10] => Array
                                        (
                                            [track] => Array
                                                (
                                                    [id] => fada15f7-35ce-4bbb-b563-8164a352dadd
                                                    [licenseID] => 1db65a04-2d50-4757-8e1f-8627a3386d97
                                                    [title] => Erebus
                                                    [artist] => Wide Sky
                                                    [releaseDate] => 
                                                    [duration] => 30000000000
                                                    [genres] => Array
                                                        (
                                                            [0] => Array
                                                                (
                                                                    [name] => Electronic
                                                                )

                                                            [1] => Array
                                                                (
                                                                    [name] => Ambient
                                                                )

                                                        )

                                                    [asset] => Array
                                                        (
                                                            [url] => https://playback.beta.jaak.io/asset/db550a059a711d4353954b0cd21d050a1abe08ead25eb2e1ee562cffe99773f0
                                                        )

                                                )

                                        )

                                    [11] => Array
                                        (
                                            [track] => Array
                                                (
                                                    [id] => 1c26647b-1a3d-426a-9163-13c6b3ef2ec5
                                                    [licenseID] => a39433de-9476-4f78-a588-996d81f837b8
                                                    [title] => Erebus (30sec)
                                                    [artist] => Wide Sky
                                                    [releaseDate] => 
                                                    [duration] => 30000000000
                                                    [genres] => Array
                                                        (
                                                            [0] => Array
                                                                (
                                                                    [name] => Electronic
                                                                )

                                                            [1] => Array
                                                                (
                                                                    [name] => Ambient
                                                                )

                                                        )

                                                    [asset] => Array
                                                        (
                                                            [url] => https://playback.beta.jaak.io/asset/ff455d1f77e710cd07015f385294ebf33de9e7b0c7e5bfdb56227b39252edb4b
                                                        )

                                                )

                                        )

                                    [12] => Array
                                        (
                                            [track] => Array
                                                (
                                                    [id] => 451c8ce5-2db1-4586-aedb-9ecc3f872ba6
                                                    [licenseID] => ddecb595-550b-42e1-9067-fc83515f996c
                                                    [title] => Reflection
                                                    [artist] => Wide Sky
                                                    [releaseDate] => 
                                                    [duration] => 30000000000
                                                    [genres] => Array
                                                        (
                                                            [0] => Array
                                                                (
                                                                    [name] => Electronic
                                                                )

                                                            [1] => Array
                                                                (
                                                                    [name] => Ambient
                                                                )

                                                        )

                                                    [asset] => Array
                                                        (
                                                            [url] => https://playback.beta.jaak.io/asset/9d510351d4183e25b78ebc8f7747b3b16e5b1b5a7665862923fb29159eabb1a6
                                                        )

                                                )

                                        )

                                    [13] => Array
                                        (
                                            [track] => Array
                                                (
                                                    [id] => c9a8b37f-3ce0-4401-a3ee-4a40d8c5e44a
                                                    [licenseID] => 6ca795c0-048c-4ea8-adda-2077da8f6277
                                                    [title] => Reflection (30sec)
                                                    [artist] => Wide Sky
                                                    [releaseDate] => 
                                                    [duration] => 30000000000
                                                    [genres] => Array
                                                        (
                                                            [0] => Array
                                                                (
                                                                    [name] => Electronic
                                                                )

                                                            [1] => Array
                                                                (
                                                                    [name] => Ambient
                                                                )

                                                        )

                                                    [asset] => Array
                                                        (
                                                            [url] => https://playback.beta.jaak.io/asset/e93281238023367992c4c806fad09005fd38fb4f10f39143fd4ad301d01a174d
                                                        )

                                                )

                                        )

                                    [14] => Array
                                        (
                                            [track] => Array
                                                (
                                                    [id] => d73c25bd-2215-41d5-a82b-96225d8a2311
                                                    [licenseID] => 26c70b92-520c-44cf-ba02-dac3ac7d1fd1
                                                    [title] => Reflection (Sting)
                                                    [artist] => Wide Sky
                                                    [releaseDate] => 
                                                    [duration] => 9000000000
                                                    [genres] => Array
                                                        (
                                                            [0] => Array
                                                                (
                                                                    [name] => Electronic
                                                                )

                                                            [1] => Array
                                                                (
                                                                    [name] => Ambient
                                                                )

                                                        )

                                                    [asset] => Array
                                                        (
                                                            [url] => https://playback.beta.jaak.io/asset/91a5cde5513de7aab6ec47491ace8f7f392b19a4b5c3428bde2692bb873f1634
                                                        )

                                                )

                                        )

                                    [15] => Array
                                        (
                                            [track] => Array
                                                (
                                                    [id] => a00f1f38-6b21-432f-97b6-47375d30f178
                                                    [licenseID] => 35855822-f20c-4a27-a5e9-b2ae6d6b58af
                                                    [title] => Duende
                                                    [artist] => Wide Sky
                                                    [releaseDate] => 
                                                    [duration] => 30000000000
                                                    [genres] => Array
                                                        (
                                                            [0] => Array
                                                                (
                                                                    [name] => Electronic
                                                                )

                                                            [1] => Array
                                                                (
                                                                    [name] => Ambient
                                                                )

                                                            [2] => Array
                                                                (
                                                                    [name] => Orchestral
                                                                )

                                                        )

                                                    [asset] => Array
                                                        (
                                                            [url] => https://playback.beta.jaak.io/asset/3e5ea7e40ce959e55b7a3fff3c3f9a01dfef51d4ce18a1dbbb5a47ecbf37feba
                                                        )

                                                )

                                        )

                                    [16] => Array
                                        (
                                            [track] => Array
                                                (
                                                    [id] => 2d5218dc-9445-4004-a350-6c67ddb501aa
                                                    [licenseID] => c76b1353-9c23-46c2-87df-74db09396419
                                                    [title] => Duende (30sec)
                                                    [artist] => Wide Sky
                                                    [releaseDate] => 
                                                    [duration] => 9000000000
                                                    [genres] => Array
                                                        (
                                                            [0] => Array
                                                                (
                                                                    [name] => Electronic
                                                                )

                                                            [1] => Array
                                                                (
                                                                    [name] => Ambient
                                                                )

                                                            [2] => Array
                                                                (
                                                                    [name] => Orchestral
                                                                )

                                                        )

                                                    [asset] => Array
                                                        (
                                                            [url] => https://playback.beta.jaak.io/asset/632d46130c2bba84c3c6229d416d39deb99c951b06fa1f123a84eabe6a0d4099
                                                        )

                                                )

                                        )

                                    [17] => Array
                                        (
                                            [track] => Array
                                                (
                                                    [id] => 85434e91-18b3-41e0-95c7-ba6d319f5642
                                                    [licenseID] => 8eb86a7b-1ce9-4ae1-86f3-3ab89b1797a2
                                                    [title] => Duende (Sting)
                                                    [artist] => Wide Sky
                                                    [releaseDate] => 
                                                    [duration] => 9000000000
                                                    [genres] => Array
                                                        (
                                                            [0] => Array
                                                                (
                                                                    [name] => Electronic
                                                                )

                                                            [1] => Array
                                                                (
                                                                    [name] => Ambient
                                                                )

                                                            [2] => Array
                                                                (
                                                                    [name] => Orchestral
                                                                )

                                                        )

                                                    [asset] => Array
                                                        (
                                                            [url] => https://playback.beta.jaak.io/asset/29a35f0c81a63f6b2deabc19bcb96bfc5bcda8c8332347c196501a718eddb467
                                                        )

                                                )

                                        )

                                    [18] => Array
                                        (
                                            [track] => Array
                                                (
                                                    [id] => 23d53616-6d61-406d-a969-76be725d242a
                                                    [licenseID] => 8edb0130-ee10-4117-a66b-cee20022e845
                                                    [title] => Four Shades
                                                    [artist] => Wide Sky
                                                    [releaseDate] => 
                                                    [duration] => 30000000000
                                                    [genres] => Array
                                                        (
                                                            [0] => Array
                                                                (
                                                                    [name] => Electronic
                                                                )

                                                            [1] => Array
                                                                (
                                                                    [name] => Ambient
                                                                )

                                                        )

                                                    [asset] => Array
                                                        (
                                                            [url] => https://playback.beta.jaak.io/asset/6fa368bc33d7d3c4b1dfc854e78b075aabff8bc6c0ffd8535aa8d108fd790102
                                                        )

                                                )

                                        )

                                    [19] => Array
                                        (
                                            [track] => Array
                                                (
                                                    [id] => c51b7050-af72-4896-bc34-571e4dc613e8
                                                    [licenseID] => b344660a-3b1f-4b93-81d5-065be81f6543
                                                    [title] => Four Shades (30sec)
                                                    [artist] => Wide Sky
                                                    [releaseDate] => 
                                                    [duration] => 30000000000
                                                    [genres] => Array
                                                        (
                                                            [0] => Array
                                                                (
                                                                    [name] => Electronic
                                                                )

                                                            [1] => Array
                                                                (
                                                                    [name] => Ambient
                                                                )

                                                        )

                                                    [asset] => Array
                                                        (
                                                            [url] => https://playback.beta.jaak.io/asset/b02d9de6b85a52bcb828ce617444e8350b079cd412f965542751563b74074512
                                                        )

                                                )

                                        )

                                    [20] => Array
                                        (
                                            [track] => Array
                                                (
                                                    [id] => 51a1730e-c184-49fe-829f-ccfd8f16201e
                                                    [licenseID] => 37846e42-54c5-4034-b119-65403a97ad29
                                                    [title] => Four Shades (Sting)
                                                    [artist] => Wide Sky
                                                    [releaseDate] => 
                                                    [duration] => 10000000000
                                                    [genres] => Array
                                                        (
                                                            [0] => Array
                                                                (
                                                                    [name] => Electronic
                                                                )

                                                            [1] => Array
                                                                (
                                                                    [name] => Ambient
                                                                )

                                                        )

                                                    [asset] => Array
                                                        (
                                                            [url] => https://playback.beta.jaak.io/asset/03d4cee579a4c73e6ba02881a506a04dce33a6f718054695e37113e0c1724cc7
                                                        )

                                                )

                                        )

                                    [21] => Array
                                        (
                                            [track] => Array
                                                (
                                                    [id] => acd0611d-2528-45c5-b757-6dfee2a6e835
                                                    [licenseID] => 970b242b-42e9-40c5-9169-f6afcc60fd48
                                                    [title] => Three Shades
                                                    [artist] => Wide Sky
                                                    [releaseDate] => 
                                                    [duration] => 30000000000
                                                    [genres] => Array
                                                        (
                                                            [0] => Array
                                                                (
                                                                    [name] => Electronic
                                                                )

                                                            [1] => Array
                                                                (
                                                                    [name] => Ambient
                                                                )

                                                        )

                                                    [asset] => Array
                                                        (
                                                            [url] => https://playback.beta.jaak.io/asset/61dec931d4fad1a839a0278a16f30d63551369484489a3c99e867375ec65e0f4
                                                        )

                                                )

                                        )

                                    [22] => Array
                                        (
                                            [track] => Array
                                                (
                                                    [id] => 1661798f-5469-4d9f-9580-43d7b9d84bd8
                                                    [licenseID] => f66a5a87-51cf-4c85-9ebe-6e0f91ede36d
                                                    [title] => Three Shades (30sec)
                                                    [artist] => Wide Sky
                                                    [releaseDate] => 
                                                    [duration] => 30000000000
                                                    [genres] => Array
                                                        (
                                                            [0] => Array
                                                                (
                                                                    [name] => Electronic
                                                                )

                                                            [1] => Array
                                                                (
                                                                    [name] => Ambient
                                                                )

                                                        )

                                                    [asset] => Array
                                                        (
                                                            [url] => https://playback.beta.jaak.io/asset/4278c0dedcbf3431fffe00ce7f00e9b5d15cbcfacea074488da72891db8c4aea
                                                        )

                                                )

                                        )

                                    [23] => Array
                                        (
                                            [track] => Array
                                                (
                                                    [id] => 9ef7adfb-a021-4dec-967d-8b1ae9ec8971
                                                    [licenseID] => 99a4b765-1556-4f0b-9738-2123639fb8dd
                                                    [title] => Three Shades (Sting)
                                                    [artist] => Wide Sky
                                                    [releaseDate] => 
                                                    [duration] => 10000000000
                                                    [genres] => Array
                                                        (
                                                            [0] => Array
                                                                (
                                                                    [name] => Electronic
                                                                )

                                                            [1] => Array
                                                                (
                                                                    [name] => Ambient
                                                                )

                                                        )

                                                    [asset] => Array
                                                        (
                                                            [url] => https://playback.beta.jaak.io/asset/234de33b29dd0c65a50dad9d61ceaeed55608368a68a7cd0a4ea85102d2b44aa
                                                        )

                                                )

                                        )

                                    [24] => Array
                                        (
                                            [track] => Array
                                                (
                                                    [id] => 70132e3e-1c65-4839-ba10-2070cac758ed
                                                    [licenseID] => 9748c26d-4f1c-4a7d-8e29-8ea071c3b03c
                                                    [title] => Caged (Instrumental)
                                                    [artist] => Wide Sky
                                                    [releaseDate] => 
                                                    [duration] => 30000000000
                                                    [genres] => Array
                                                        (
                                                            [0] => Array
                                                                (
                                                                    [name] => Electronic
                                                                )

                                                            [1] => Array
                                                                (
                                                                    [name] => Ambient
                                                                )

                                                        )

                                                    [asset] => Array
                                                        (
                                                            [url] => https://playback.beta.jaak.io/asset/655012e72ff1cf6b83965d1b7931a34e0aca9fa68403518e74252b15984a821c
                                                        )

                                                )

                                        )

                                    [25] => Array
                                        (
                                            [track] => Array
                                                (
                                                    [id] => b8147c7d-bd4f-4642-b938-64d21152db52
                                                    [licenseID] => 37254fd5-69bc-4998-8b35-c11d3b92a1ed
                                                    [title] => Caged (30sec)
                                                    [artist] => Wide Sky
                                                    [releaseDate] => 
                                                    [duration] => 30000000000
                                                    [genres] => Array
                                                        (
                                                            [0] => Array
                                                                (
                                                                    [name] => Electronic
                                                                )

                                                            [1] => Array
                                                                (
                                                                    [name] => Ambient
                                                                )

                                                        )

                                                    [asset] => Array
                                                        (
                                                            [url] => https://playback.beta.jaak.io/asset/3f5600484a705dc20d26a71dcd564a91043648c7e905d75cea522be089581799
                                                        )

                                                )

                                        )

                                    [26] => Array
                                        (
                                            [track] => Array
                                                (
                                                    [id] => 4d737125-b294-4de1-9a4f-35d481171075
                                                    [licenseID] => 4f337218-e59a-4ed0-bce8-a793085e5fa2
                                                    [title] => Caged
                                                    [artist] => Wide Sky
                                                    [releaseDate] => 
                                                    [duration] => 30000000000
                                                    [genres] => Array
                                                        (
                                                            [0] => Array
                                                                (
                                                                    [name] => Electronic
                                                                )

                                                            [1] => Array
                                                                (
                                                                    [name] => Ambient
                                                                )

                                                        )

                                                    [asset] => Array
                                                        (
                                                            [url] => https://playback.beta.jaak.io/asset/52b8930443762e512d244272c5ea0e604eaad6b451531fefcb76ead32ad99b38
                                                        )

                                                )

                                        )

                                    [27] => Array
                                        (
                                            [track] => Array
                                                (
                                                    [id] => 8e59f21f-af09-4252-8dd3-9322ecae5106
                                                    [licenseID] => 73c5301b-93da-4d07-a563-cf63dccf3068
                                                    [title] => Caged (Sting)
                                                    [artist] => Wide Sky
                                                    [releaseDate] => 
                                                    [duration] => 10000000000
                                                    [genres] => Array
                                                        (
                                                            [0] => Array
                                                                (
                                                                    [name] => Electronic
                                                                )

                                                            [1] => Array
                                                                (
                                                                    [name] => Ambient
                                                                )

                                                        )

                                                    [asset] => Array
                                                        (
                                                            [url] => https://playback.beta.jaak.io/asset/1ca7b9df05d3ae0d5d8e4242f32d2559b81962fcf450518af1e1a4d6e6256296
                                                        )

                                                )

                                        )

                                    [28] => Array
                                        (
                                            [track] => Array
                                                (
                                                    [id] => 894f2b12-747a-4f82-8f62-5d43fd8249e0
                                                    [licenseID] => 91829e06-a7e8-4d8e-a403-bf340ec9462c
                                                    [title] => Slowly Pt. 1
                                                    [artist] => Wide Sky
                                                    [releaseDate] => 
                                                    [duration] => 30000000000
                                                    [genres] => Array
                                                        (
                                                            [0] => Array
                                                                (
                                                                    [name] => Electronic
                                                                )

                                                            [1] => Array
                                                                (
                                                                    [name] => Ambient
                                                                )

                                                        )

                                                    [asset] => Array
                                                        (
                                                            [url] => https://playback.beta.jaak.io/asset/9ed74f1b1cd32964c14c069c46fe84ab0d325c32b8d3f56eccad19429e0723d1
                                                        )

                                                )

                                        )

                                    [29] => Array
                                        (
                                            [track] => Array
                                                (
                                                    [id] => a80c03b5-b362-4ced-bd22-6e66339ab300
                                                    [licenseID] => 284f3410-0667-4672-8af2-55e6591cc4aa
                                                    [title] => Slowly Pt. 1 (Instrumental)
                                                    [artist] => Wide Sky
                                                    [releaseDate] => 
                                                    [duration] => 30000000000
                                                    [genres] => Array
                                                        (
                                                            [0] => Array
                                                                (
                                                                    [name] => Electronic
                                                                )

                                                            [1] => Array
                                                                (
                                                                    [name] => Ambient
                                                                )

                                                        )

                                                    [asset] => Array
                                                        (
                                                            [url] => https://playback.beta.jaak.io/asset/26db0431fa24b84487ece208fda140bc57f0c984e94aa28220eaa49a13279ba4
                                                        )

                                                )

                                        )

                                    [30] => Array
                                        (
                                            [track] => Array
                                                (
                                                    [id] => f6a80c1c-1818-4caf-8e83-27a2eed3c4d9
                                                    [licenseID] => dfd21d21-bfbf-4379-a766-75ccc6429204
                                                    [title] => Slowly Pt. 1 (30sec)
                                                    [artist] => Wide Sky
                                                    [releaseDate] => 
                                                    [duration] => 29000000000
                                                    [genres] => Array
                                                        (
                                                            [0] => Array
                                                                (
                                                                    [name] => Electronic
                                                                )

                                                            [1] => Array
                                                                (
                                                                    [name] => Ambient
                                                                )

                                                        )

                                                    [asset] => Array
                                                        (
                                                            [url] => https://playback.beta.jaak.io/asset/723f375fd8867f7fab2bebc89c7b9d546adbcbe8b8f18f815c77cbadb0b46365
                                                        )

                                                )

                                        )

                                    [31] => Array
                                        (
                                            [track] => Array
                                                (
                                                    [id] => 640f2ece-b592-4a31-b679-140e96271cdc
                                                    [licenseID] => d4428048-4aba-4324-8f8b-16a756f828a2
                                                    [title] => Slowly Pt. 1 (Sting)
                                                    [artist] => Wide Sky
                                                    [releaseDate] => 
                                                    [duration] => 10000000000
                                                    [genres] => Array
                                                        (
                                                            [0] => Array
                                                                (
                                                                    [name] => Electronic
                                                                )

                                                            [1] => Array
                                                                (
                                                                    [name] => Ambient
                                                                )

                                                        )

                                                    [asset] => Array
                                                        (
                                                            [url] => https://playback.beta.jaak.io/asset/33be4a67cd80663477db7e8747aa3b5211e06373ea9e358cfd67ec935696c6a6
                                                        )

                                                )

                                        )

                                    [32] => Array
                                        (
                                            [track] => Array
                                                (
                                                    [id] => b93b3381-79ca-4b32-a373-3d6b4f773b9b
                                                    [licenseID] => a5ca9c8a-fbab-448a-ac9d-11ef144211fe
                                                    [title] => Slowly Pt. 2
                                                    [artist] => Wide Sky
                                                    [releaseDate] => 
                                                    [duration] => 30000000000
                                                    [genres] => Array
                                                        (
                                                            [0] => Array
                                                                (
                                                                    [name] => Electronic
                                                                )

                                                            [1] => Array
                                                                (
                                                                    [name] => Ambient
                                                                )

                                                        )

                                                    [asset] => Array
                                                        (
                                                            [url] => https://playback.beta.jaak.io/asset/487c4fc2eb3f533b2b0b3bc73311085832e98105763210c3ae29af15d84d0a0a
                                                        )

                                                )

                                        )

                                    [33] => Array
                                        (
                                            [track] => Array
                                                (
                                                    [id] => 6c776898-8dbc-4644-a7f4-76f3e9d0ea36
                                                    [licenseID] => b3b908eb-98ad-4b7f-815c-627d0e255ded
                                                    [title] => Slowly Pt. 2 (Instrumental)
                                                    [artist] => Wide Sky
                                                    [releaseDate] => 
                                                    [duration] => 30000000000
                                                    [genres] => Array
                                                        (
                                                            [0] => Array
                                                                (
                                                                    [name] => Electronic
                                                                )

                                                            [1] => Array
                                                                (
                                                                    [name] => Ambient
                                                                )

                                                        )

                                                    [asset] => Array
                                                        (
                                                            [url] => https://playback.beta.jaak.io/asset/49b9630e68d9d7f5fb47c3bcf63575ba9a7b730cf0c843476546ca76953fc9f4
                                                        )

                                                )

                                        )

                                    [34] => Array
                                        (
                                            [track] => Array
                                                (
                                                    [id] => b48b678e-f59d-48b3-ba3e-240686333187
                                                    [licenseID] => ca1d1b80-d4d4-49c8-8bd8-5132385a2669
                                                    [title] => Slowly Pt. 2 (30sec)
                                                    [artist] => Wide Sky
                                                    [releaseDate] => 
                                                    [duration] => 30000000000
                                                    [genres] => Array
                                                        (
                                                            [0] => Array
                                                                (
                                                                    [name] => Electronic
                                                                )

                                                            [1] => Array
                                                                (
                                                                    [name] => Ambient
                                                                )

                                                        )

                                                    [asset] => Array
                                                        (
                                                            [url] => https://playback.beta.jaak.io/asset/36fb03a5386ed1a0dbb96bc26bc7fdab4321275c78a53491a41ae661b801dd09
                                                        )

                                                )

                                        )

                                    [35] => Array
                                        (
                                            [track] => Array
                                                (
                                                    [id] => 1be865f2-9397-4d6f-9a6b-1a1701c03085
                                                    [licenseID] => fef69487-8679-4948-b6dc-9b5e9f6ef2e6
                                                    [title] => Slowly Pt. 2 (Sting)
                                                    [artist] => Wide Sky
                                                    [releaseDate] => 
                                                    [duration] => 10000000000
                                                    [genres] => Array
                                                        (
                                                            [0] => Array
                                                                (
                                                                    [name] => Electronic
                                                                )

                                                            [1] => Array
                                                                (
                                                                    [name] => Ambient
                                                                )

                                                        )

                                                    [asset] => Array
                                                        (
                                                            [url] => https://playback.beta.jaak.io/asset/c206342d055dc2a820c100b089d97aa98b8cae105082c7cd78e312bdb319b513
                                                        )

                                                )

                                        )

                                    [36] => Array
                                        (
                                            [track] => Array
                                                (
                                                    [id] => fe4fde58-e216-4938-81cc-be7752a0c272
                                                    [licenseID] => e15496d2-16f4-417f-b414-605ab436955c
                                                    [title] => Void
                                                    [artist] => Wide Sky
                                                    [releaseDate] => 
                                                    [duration] => 30000000000
                                                    [genres] => Array
                                                        (
                                                            [0] => Array
                                                                (
                                                                    [name] => Electronic
                                                                )

                                                            [1] => Array
                                                                (
                                                                    [name] => Ambient
                                                                )

                                                            [2] => Array
                                                                (
                                                                    [name] => Rock
                                                                )

                                                        )

                                                    [asset] => Array
                                                        (
                                                            [url] => https://playback.beta.jaak.io/asset/ba62fd82b18d4e32c45db4d4f6ac6b4b716cbf2896f934914617c390757bbd33
                                                        )

                                                )

                                        )

                                    [37] => Array
                                        (
                                            [track] => Array
                                                (
                                                    [id] => e22958f3-a595-488e-8690-260d2fbe1d2d
                                                    [licenseID] => 6689728f-fbd2-4dcf-9367-5513834636de
                                                    [title] => Void (30sec)
                                                    [artist] => Wide Sky
                                                    [releaseDate] => 
                                                    [duration] => 30000000000
                                                    [genres] => Array
                                                        (
                                                            [0] => Array
                                                                (
                                                                    [name] => Electronic
                                                                )

                                                            [1] => Array
                                                                (
                                                                    [name] => Ambient
                                                                )

                                                            [2] => Array
                                                                (
                                                                    [name] => Rock
                                                                )

                                                        )

                                                    [asset] => Array
                                                        (
                                                            [url] => https://playback.beta.jaak.io/asset/83039f53150e845e0b9d3253713b8d77ba84684a9b4356cefdbf94ee5dab35fe
                                                        )

                                                )

                                        )

                                    [38] => Array
                                        (
                                            [track] => Array
                                                (
                                                    [id] => 13afe3f0-c480-4b5e-b8a3-e7d97e445749
                                                    [licenseID] => 0a0e0852-01d0-4583-b38b-44ff159deeb6
                                                    [title] => Void (Sting)
                                                    [artist] => Wide Sky
                                                    [releaseDate] => 
                                                    [duration] => 10000000000
                                                    [genres] => Array
                                                        (
                                                            [0] => Array
                                                                (
                                                                    [name] => Electronic
                                                                )

                                                            [1] => Array
                                                                (
                                                                    [name] => Ambient
                                                                )

                                                            [2] => Array
                                                                (
                                                                    [name] => Rock
                                                                )

                                                        )

                                                    [asset] => Array
                                                        (
                                                            [url] => https://playback.beta.jaak.io/asset/0dfc05002003f22d61ad8192d6ad6315ffbf77bb6a24275234b5fdfa25e181a4
                                                        )

                                                )

                                        )

                                    [39] => Array
                                        (
                                            [track] => Array
                                                (
                                                    [id] => 96b43df0-58ca-4c6e-8613-090817c1d6d7
                                                    [licenseID] => 61cbc2c7-61e7-44e2-a279-341c4475b549
                                                    [title] => All I See
                                                    [artist] => Wide Sky
                                                    [releaseDate] => 
                                                    [duration] => 30000000000
                                                    [genres] => Array
                                                        (
                                                            [0] => Array
                                                                (
                                                                    [name] => Electronic
                                                                )

                                                            [1] => Array
                                                                (
                                                                    [name] => Ambient
                                                                )

                                                        )

                                                    [asset] => Array
                                                        (
                                                            [url] => https://playback.beta.jaak.io/asset/52533335dc7aec9cc87b79363b394b85b429fe1f13b4872c97fea6d087a8af96
                                                        )

                                                )

                                        )

                                    [40] => Array
                                        (
                                            [track] => Array
                                                (
                                                    [id] => 8d160e34-d303-4c4e-9c46-1994b57a88ec
                                                    [licenseID] => be2c4aba-3509-4ba2-bf2c-43dc32210ec1
                                                    [title] => All I See (Instrumental)
                                                    [artist] => Wide Sky
                                                    [releaseDate] => 
                                                    [duration] => 30000000000
                                                    [genres] => Array
                                                        (
                                                            [0] => Array
                                                                (
                                                                    [name] => Electronic
                                                                )

                                                            [1] => Array
                                                                (
                                                                    [name] => Ambient
                                                                )

                                                        )

                                                    [asset] => Array
                                                        (
                                                            [url] => https://playback.beta.jaak.io/asset/6674feca8023211de6418b1bc61ea3b528cad631480de42a8d893244e7a84526
                                                        )

                                                )

                                        )

                                    [41] => Array
                                        (
                                            [track] => Array
                                                (
                                                    [id] => 200cc83e-a67c-4128-b37e-498a3f6032a9
                                                    [licenseID] => f8bbaca0-3ddc-4b28-a144-389b61db4b6d
                                                    [title] => All I See (30sec)
                                                    [artist] => Wide Sky
                                                    [releaseDate] => 
                                                    [duration] => 30000000000
                                                    [genres] => Array
                                                        (
                                                            [0] => Array
                                                                (
                                                                    [name] => Electronic
                                                                )

                                                            [1] => Array
                                                                (
                                                                    [name] => Ambient
                                                                )

                                                        )

                                                    [asset] => Array
                                                        (
                                                            [url] => https://playback.beta.jaak.io/asset/1d64207e56feba13e43e677880664526ea422e2044d17bddaa21f64e02bd5035
                                                        )

                                                )

                                        )

                                    [42] => Array
                                        (
                                            [track] => Array
                                                (
                                                    [id] => 6cde8b65-7bd1-4811-b916-13cf6dfd920e
                                                    [licenseID] => 9229f0a1-fa41-4be6-8a45-692a4acd47a0
                                                    [title] => All I See (Sting)
                                                    [artist] => Wide Sky
                                                    [releaseDate] => 
                                                    [duration] => 10000000000
                                                    [genres] => Array
                                                        (
                                                            [0] => Array
                                                                (
                                                                    [name] => Electronic
                                                                )

                                                            [1] => Array
                                                                (
                                                                    [name] => Ambient
                                                                )

                                                        )

                                                    [asset] => Array
                                                        (
                                                            [url] => https://playback.beta.jaak.io/asset/f3b0f42e338ed8e915cde5fbc3e0b23b08ff1f66cc9e55ada9820b214c94c406
                                                        )

                                                )

                                        )

                                    [43] => Array
                                        (
                                            [track] => Array
                                                (
                                                    [id] => a8a956c9-f8fc-4908-8980-ea5b0ccc239c
                                                    [licenseID] => 5213b2fa-4420-45cc-bb6e-33f0b693b34b
                                                    [title] => Aracusis
                                                    [artist] => Wide Sky
                                                    [releaseDate] => 
                                                    [duration] => 30000000000
                                                    [genres] => Array
                                                        (
                                                            [0] => Array
                                                                (
                                                                    [name] => Electronic
                                                                )

                                                            [1] => Array
                                                                (
                                                                    [name] => Dubstep
                                                                )

                                                            [2] => Array
                                                                (
                                                                    [name] => Orchestral
                                                                )

                                                            [3] => Array
                                                                (
                                                                    [name] => Rock
                                                                )

                                                        )

                                                    [asset] => Array
                                                        (
                                                            [url] => https://playback.beta.jaak.io/asset/61c76da5bd3e60f4bc67b313beedd8ab5dba4a51e30a76ad352a900d452309b6
                                                        )

                                                )

                                        )

                                    [44] => Array
                                        (
                                            [track] => Array
                                                (
                                                    [id] => e9cd2ef7-d2c1-4453-a3e7-90673050e7a3
                                                    [licenseID] => 3b64f96a-0dd9-4727-b075-25d35c1ed990
                                                    [title] => Kafine (Sting)
                                                    [artist] => Wide Sky
                                                    [releaseDate] => 
                                                    [duration] => 12000000000
                                                    [genres] => Array
                                                        (
                                                            [0] => Array
                                                                (
                                                                    [name] => Electronic
                                                                )

                                                            [1] => Array
                                                                (
                                                                    [name] => Orchestral
                                                                )

                                                        )

                                                    [asset] => Array
                                                        (
                                                            [url] => https://playback.beta.jaak.io/asset/bd9128b6c5ec61c9d238519ba63caaa9b64db8ca6a35fbe45edc7491e8a67517
                                                        )

                                                )

                                        )

                                )

                        )

                )

        )

)
